/* Log generated by MTK DrvGen Version  5.03.0;
 Log Time is Mon Dec 24 14:21:13 2018
 */
open operater parse MT6261NP.fig OK!
Edit operater parse .cmp file OK!
Gencode operater parse .cmp file OK!
Gencode gpio_drv.h OK!
Gencode gpio_var.c OK!
Gencode gpio_var.c OK!
Gencode eint_drv.h OK!
Gencode eint_var.c OK!
Gencode adc_var.c OK!
Gencode uem_drv.c OK!
Gencode keypad_drv.h OK!
Gencode pmic_drv.h OK!
Gencode pmic_drv.c OK!
Gencode operater parse .cmp file OK!
Gencode gpio_drv.h OK!
Gencode gpio_var.c OK!
Gencode gpio_var.c OK!
Gencode eint_drv.h OK!
Gencode eint_var.c OK!
Gencode adc_var.c OK!
Gencode uem_drv.c OK!
Gencode keypad_drv.h OK!
Gencode pmic_drv.h OK!
Gencode pmic_drv.c OK!
Edit operater parse .cmp file OK!
Gencode operater parse .cmp file OK!
Gencode gpio_drv.h OK!
Gencode gpio_var.c OK!
Gencode gpio_var.c OK!
Gencode eint_drv.h OK!
Gencode eint_var.c OK!
Gencode adc_var.c OK!
Gencode uem_drv.c OK!
Gencode keypad_drv.h OK!
Gencode pmic_drv.h OK!
Gencode pmic_drv.c OK!
